mktextfm Kerkis
mktextfm Kerkis
mktextfm Kerkis
mktextfm Kerkis/BI
mktextfm Kerkis
mktextfm Kerkis/B
mktextfm Kerkis
mktextfm Kerkis/I
mktextfm Kerkis
mktextfm Kerkis
mktextfm Kerkis
mktextfm Kerkis
mktextfm Kerkis
mktextfm Kerkis
mktextfm Kerkis
mktextfm GFS-Didot
mktextfm GFS-Didot
mktextfm GFS-Didot
mktextfm GFS-Didot/BI
mktextfm GFS-Didot
mktextfm GFS-Didot/B
mktextfm GFS-Didot
mktextfm GFS-Didot/I
mktextfm GFS-Didot
mktextfm GFS-Didot
mktextfm GFS-Didot
mktextfm GFS-Didot
mktextfm GFS-Didot
mktextfm GFS-Didot
mktextfm GFS-Didot
